2023-11-17 01:11:47,229 DEBUG    root            Loaded Command Group: ['gcloud', 'init']
2023-11-17 01:11:47,231 DEBUG    root            Running [gcloud.init] with arguments: []
2023-11-17 01:11:47,231 INFO     ___FILE_ONLY___ Welcome! This command will take you through the configuration of gcloud.


2023-11-17 01:11:47,232 INFO     ___FILE_ONLY___ Your current configuration has been set to: [default]


2023-11-17 01:11:47,232 INFO     ___FILE_ONLY___ You can skip diagnostics next time by using the following flag:

2023-11-17 01:11:47,232 INFO     ___FILE_ONLY___   gcloud init --skip-diagnostics


2023-11-17 01:11:47,232 INFO     ___FILE_ONLY___ Network diagnostic detects and fixes local network connection issues.

2023-11-17 01:11:47,233 INFO     ___FILE_ONLY___ Checking network connection...
2023-11-17 01:11:51,457 DEBUG    urllib3.connectionpool Starting new HTTPS connection (1): accounts.google.com:443
2023-11-17 01:11:51,818 DEBUG    urllib3.connectionpool https://accounts.google.com:443 "GET / HTTP/1.1" 302 338
2023-11-17 01:11:52,017 DEBUG    urllib3.connectionpool https://accounts.google.com:443 "GET /ServiceLogin?passive=1209600&continue=https%3A%2F%2Faccounts.google.com%2F&followup=https%3A%2F%2Faccounts.google.com%2F HTTP/1.1" 302 0
2023-11-17 01:11:52,494 DEBUG    urllib3.connectionpool https://accounts.google.com:443 "GET /InteractiveLogin?continue=https://accounts.google.com/&followup=https://accounts.google.com/&passive=1209600&ifkv=AVQVeyzLKBQiqcfseQ8DnjnhKPFnB24iaQZQCD859hCqwNZnL08R09tXZ02-syguTgl0vS2XeyY2 HTTP/1.1" 302 528
2023-11-17 01:11:52,719 DEBUG    urllib3.connectionpool https://accounts.google.com:443 "GET /v3/signin/identifier?continue=https%3A%2F%2Faccounts.google.com%2F&followup=https%3A%2F%2Faccounts.google.com%2F&ifkv=AVQVeywX7J861jWDHlDV1K_RtHHMbzhWA4kmVnF36ydu8IuBiIOoMolPhx2KGxlxTatYBofdJXghkQ&passive=1209600&flowName=WebLiteSignIn&flowEntry=ServiceLogin&dsh=S-1140763272%3A1700172718686887 HTTP/1.1" 200 None
2023-11-17 01:11:52,924 DEBUG    urllib3.connectionpool Starting new HTTPS connection (1): cloudresourcemanager.googleapis.com:443
2023-11-17 01:11:54,420 DEBUG    urllib3.connectionpool https://cloudresourcemanager.googleapis.com:443 "GET /v1beta1/projects HTTP/1.1" 401 None
2023-11-17 01:11:54,423 DEBUG    urllib3.connectionpool Starting new HTTPS connection (1): www.googleapis.com:443
2023-11-17 01:11:54,776 DEBUG    urllib3.connectionpool https://www.googleapis.com:443 "GET /auth/cloud-platform HTTP/1.1" 200 14
2023-11-17 01:11:54,778 DEBUG    urllib3.connectionpool Starting new HTTPS connection (1): dl.google.com:443
2023-11-17 01:11:55,222 DEBUG    urllib3.connectionpool https://dl.google.com:443 "GET /dl/cloudsdk/channels/rapid/components-2.json HTTP/1.1" 200 209943
2023-11-17 01:11:55,438 INFO     ___FILE_ONLY___ Reachability Check passed.

2023-11-17 01:11:55,438 INFO     ___FILE_ONLY___ Network diagnostic passed (1/1 checks passed).


2023-11-17 01:12:28,535 DEBUG    root            Loaded Command Group: ['gcloud', 'auth']
2023-11-17 01:12:28,541 DEBUG    root            Loaded Command Group: ['gcloud', 'auth', 'login']
2023-11-17 01:12:28,542 INFO     root            Executing: [gcloud auth login --force --brief]
2023-11-17 01:12:28,543 DEBUG    root            Running [gcloud.auth.login] with arguments: [--brief: "True", --force: "True"]
2023-11-17 01:12:28,545 DEBUG    requests_oauthlib.oauth2_session Generated new state p59G78fcwfroXAkR6Yvu3J5WXOCPQ1.
2023-11-17 01:12:28,545 INFO     ___FILE_ONLY___ Go to the following link in your browser:

    https://accounts.google.com/o/oauth2/auth?response_type=code&client_id=32555940559.apps.googleusercontent.com&redirect_uri=https%3A%2F%2Fsdk.cloud.google.com%2Fauthcode.html&scope=openid+https%3A%2F%2Fwww.googleapis.com%2Fauth%2Fuserinfo.email+https%3A%2F%2Fwww.googleapis.com%2Fauth%2Fcloud-platform+https%3A%2F%2Fwww.googleapis.com%2Fauth%2Fappengine.admin+https%3A%2F%2Fwww.googleapis.com%2Fauth%2Fsqlservice.login+https%3A%2F%2Fwww.googleapis.com%2Fauth%2Fcompute+https%3A%2F%2Fwww.googleapis.com%2Fauth%2Faccounts.reauth&state=p59G78fcwfroXAkR6Yvu3J5WXOCPQ1&prompt=consent&access_type=offline&code_challenge=WSL6BABKhQ3gLMvNPiBDX-84mQDTOPwor2Yrmkg9Fpg&code_challenge_method=S256


2023-11-17 01:14:16,846 DEBUG    requests_oauthlib.oauth2_session Requesting url https://oauth2.googleapis.com/token using method POST.
2023-11-17 01:14:16,846 DEBUG    requests_oauthlib.oauth2_session Supplying headers {b'Accept': b'application/json', b'Content-Type': b'application/x-www-form-urlencoded;charset=UTF-8', b'user-agent': b'google-cloud-sdk gcloud/455.0.0 command/gcloud.auth.login invocation-id/50b1d8593a4149d397534ef445b08c32 environment/None environment-version/None client-os/LINUX client-os-ver/5.4.17 client-pltf-arch/x86_64 interactive/True from-script/False python/3.11.6 term/xterm-256color (Linux 5.4.17-2136.307.3.1.el8uek.x86_64)'} and data {'grant_type': 'authorization_code', 'client_id': '32555940559.apps.googleusercontent.com', 'client_secret': 'ZmssLNjJy2998hD4CTg2ejr2', 'code': '4/0AfJohXkuzGD3NGUPagZw-FlzWok2rdoxRDDggvvg34PN58yZJG3pD-KZhABKJNxVQHdrmA', 'redirect_uri': 'https://sdk.cloud.google.com/authcode.html', 'code_verifier': 'Y-6et4QL4fllC5LLMLzbfo884bwLBcq3JjqZaHHXZ1HqS9.-wsmg1jAsktyo8l5yE4AJ.5AcXRHdKE3oB0cDSzq-5CU3GFFn8O-9lClopGzkiVVSLah6WKtpLmHs0Dp-'}
2023-11-17 01:14:16,847 DEBUG    requests_oauthlib.oauth2_session Passing through key word arguments {'json': None, 'timeout': None, 'auth': None, 'verify': None, 'proxies': None}.
2023-11-17 01:14:16,847 DEBUG    urllib3.connectionpool Starting new HTTPS connection (1): oauth2.googleapis.com:443
2023-11-17 01:14:17,245 DEBUG    urllib3.connectionpool https://oauth2.googleapis.com:443 "POST /token HTTP/1.1" 200 None
2023-11-17 01:14:17,245 DEBUG    requests_oauthlib.oauth2_session Prepared fetch token request body grant_type=authorization_code&client_id=32555940559.apps.googleusercontent.com&client_secret=ZmssLNjJy2998hD4CTg2ejr2&code=4%2F0AfJohXkuzGD3NGUPagZw-FlzWok2rdoxRDDggvvg34PN58yZJG3pD-KZhABKJNxVQHdrmA&redirect_uri=https%3A%2F%2Fsdk.cloud.google.com%2Fauthcode.html&code_verifier=Y-6et4QL4fllC5LLMLzbfo884bwLBcq3JjqZaHHXZ1HqS9.-wsmg1jAsktyo8l5yE4AJ.5AcXRHdKE3oB0cDSzq-5CU3GFFn8O-9lClopGzkiVVSLah6WKtpLmHs0Dp-
2023-11-17 01:14:17,245 DEBUG    requests_oauthlib.oauth2_session Request to fetch token completed with status 200.
2023-11-17 01:14:17,246 DEBUG    requests_oauthlib.oauth2_session Request headers were {'user-agent': b'google-cloud-sdk gcloud/455.0.0 command/gcloud.auth.login invocation-id/50b1d8593a4149d397534ef445b08c32 environment/None environment-version/None client-os/LINUX client-os-ver/5.4.17 client-pltf-arch/x86_64 interactive/True from-script/False python/3.11.6 term/xterm-256color (Linux 5.4.17-2136.307.3.1.el8uek.x86_64)', 'Accept-Encoding': 'gzip, deflate', 'Accept': b'application/json', 'Connection': 'keep-alive', 'Content-Type': b'application/x-www-form-urlencoded;charset=UTF-8', 'Content-Length': '405'}
2023-11-17 01:14:17,246 DEBUG    requests_oauthlib.oauth2_session Request body was grant_type=authorization_code&client_id=32555940559.apps.googleusercontent.com&client_secret=ZmssLNjJy2998hD4CTg2ejr2&code=4%2F0AfJohXkuzGD3NGUPagZw-FlzWok2rdoxRDDggvvg34PN58yZJG3pD-KZhABKJNxVQHdrmA&redirect_uri=https%3A%2F%2Fsdk.cloud.google.com%2Fauthcode.html&code_verifier=Y-6et4QL4fllC5LLMLzbfo884bwLBcq3JjqZaHHXZ1HqS9.-wsmg1jAsktyo8l5yE4AJ.5AcXRHdKE3oB0cDSzq-5CU3GFFn8O-9lClopGzkiVVSLah6WKtpLmHs0Dp-
2023-11-17 01:14:17,246 DEBUG    requests_oauthlib.oauth2_session Response headers were {'Cache-Control': 'no-cache, no-store, max-age=0, must-revalidate', 'Expires': 'Mon, 01 Jan 1990 00:00:00 GMT', 'Pragma': 'no-cache', 'Date': 'Thu, 16 Nov 2023 22:14:23 GMT', 'Content-Type': 'application/json; charset=utf-8', 'Vary': 'Origin, X-Origin, Referer', 'Content-Encoding': 'gzip', 'Server': 'scaffolding on HTTPServer2', 'X-XSS-Protection': '0', 'X-Frame-Options': 'SAMEORIGIN', 'X-Content-Type-Options': 'nosniff', 'Alt-Svc': 'h3=":443"; ma=2592000,h3-29=":443"; ma=2592000', 'Transfer-Encoding': 'chunked'} and content {
  "access_token": "ya29.a0AfB_byD54Rv1kU0UFXEUoCU6VQFFJH5giyQfmbOSEJ_M9E99m7Mk3TIkRP-qVX5qzwAHtc-6dNoLh4-4eF5IIFdVA-ofw0lGc0ahxzWQAvbsJ6RMmynUg-nN3PBf2KQfjJQ65dZWXLctOpRGDm-eKMToafUKr-nmjVnV4GkwhAaCgYKAfMSARISFQHGX2MiCus7r-6sydDd3cGHKqI6vw0177",
  "expires_in": 3599,
  "refresh_token": "1//0305ZEiyUGmevCgYIARAAGAMSNwF-L9Irqz796hQW0Bo1Qa-bek8pRRvy0fvB_twOtHO_P2JtviqOvGUwGDcc84l8c_uimpnt474",
  "scope": "https://www.googleapis.com/auth/accounts.reauth https://www.googleapis.com/auth/appengine.admin https://www.googleapis.com/auth/cloud-platform https://www.googleapis.com/auth/sqlservice.login https://www.googleapis.com/auth/userinfo.email openid https://www.googleapis.com/auth/compute",
  "token_type": "Bearer",
  "id_token": "eyJhbGciOiJSUzI1NiIsImtpZCI6IjViMzcwNjk2MGUzZTYwMDI0YTI2NTVlNzhjZmE2M2Y4N2M5N2QzMDkiLCJ0eXAiOiJKV1QifQ.eyJpc3MiOiJodHRwczovL2FjY291bnRzLmdvb2dsZS5jb20iLCJhenAiOiIzMjU1NTk0MDU1OS5hcHBzLmdvb2dsZXVzZXJjb250ZW50LmNvbSIsImF1ZCI6IjMyNTU1OTQwNTU5LmFwcHMuZ29vZ2xldXNlcmNvbnRlbnQuY29tIiwic3ViIjoiMTA2MDgwMjk1NTE5MzYyMzQxMTUyIiwiZW1haWwiOiJtZW1vb3IyQGdtYWlsLmNvbSIsImVtYWlsX3ZlcmlmaWVkIjp0cnVlLCJhdF9oYXNoIjoid0tISmJ4TWlvQ29aX1plQXNiMzI1QSIsImlhdCI6MTcwMDE3Mjg2MywiZXhwIjoxNzAwMTc2NDYzfQ.LmWlHQaj28HOtdojRK3nqYRhy1yBxDQgr6tsw_LFTGcyuz5xNg4XpaSzNLWyAeA8MwYB-PI_n72VsjlFSiqJVV9PZlpq6IHDch6uPur48xZcOL3ExkmP7fFJgEsO-sXZhjlFg3FzRYJBNERZV30WLcxwH62dHuGNeF_DW1El4DUMNx1ZZU1QII39D6JGzRs6KOUOTlFWkBWSoQfOkqNZX4Nfrbn2ElTYd1OEL0GWTldHtzWHak0w47tBGwcv4hS9OoOuXJdxpiq2nfPQ3ZYXN_Q0xDpQlcenqneCYZoUoUUFvLp1qhluR4NPK4zmsPRHjrK7dJ8r8KUARj_tMwflrw"
}.
2023-11-17 01:14:17,246 DEBUG    requests_oauthlib.oauth2_session Invoking 0 token response hooks.
2023-11-17 01:14:17,246 DEBUG    requests_oauthlib.oauth2_session Obtained token {'access_token': 'ya29.a0AfB_byD54Rv1kU0UFXEUoCU6VQFFJH5giyQfmbOSEJ_M9E99m7Mk3TIkRP-qVX5qzwAHtc-6dNoLh4-4eF5IIFdVA-ofw0lGc0ahxzWQAvbsJ6RMmynUg-nN3PBf2KQfjJQ65dZWXLctOpRGDm-eKMToafUKr-nmjVnV4GkwhAaCgYKAfMSARISFQHGX2MiCus7r-6sydDd3cGHKqI6vw0177', 'expires_in': 3599, 'refresh_token': '1//0305ZEiyUGmevCgYIARAAGAMSNwF-L9Irqz796hQW0Bo1Qa-bek8pRRvy0fvB_twOtHO_P2JtviqOvGUwGDcc84l8c_uimpnt474', 'scope': ['https://www.googleapis.com/auth/accounts.reauth', 'https://www.googleapis.com/auth/appengine.admin', 'https://www.googleapis.com/auth/cloud-platform', 'https://www.googleapis.com/auth/sqlservice.login', 'https://www.googleapis.com/auth/userinfo.email', 'openid', 'https://www.googleapis.com/auth/compute'], 'token_type': 'Bearer', 'id_token': 'eyJhbGciOiJSUzI1NiIsImtpZCI6IjViMzcwNjk2MGUzZTYwMDI0YTI2NTVlNzhjZmE2M2Y4N2M5N2QzMDkiLCJ0eXAiOiJKV1QifQ.eyJpc3MiOiJodHRwczovL2FjY291bnRzLmdvb2dsZS5jb20iLCJhenAiOiIzMjU1NTk0MDU1OS5hcHBzLmdvb2dsZXVzZXJjb250ZW50LmNvbSIsImF1ZCI6IjMyNTU1OTQwNTU5LmFwcHMuZ29vZ2xldXNlcmNvbnRlbnQuY29tIiwic3ViIjoiMTA2MDgwMjk1NTE5MzYyMzQxMTUyIiwiZW1haWwiOiJtZW1vb3IyQGdtYWlsLmNvbSIsImVtYWlsX3ZlcmlmaWVkIjp0cnVlLCJhdF9oYXNoIjoid0tISmJ4TWlvQ29aX1plQXNiMzI1QSIsImlhdCI6MTcwMDE3Mjg2MywiZXhwIjoxNzAwMTc2NDYzfQ.LmWlHQaj28HOtdojRK3nqYRhy1yBxDQgr6tsw_LFTGcyuz5xNg4XpaSzNLWyAeA8MwYB-PI_n72VsjlFSiqJVV9PZlpq6IHDch6uPur48xZcOL3ExkmP7fFJgEsO-sXZhjlFg3FzRYJBNERZV30WLcxwH62dHuGNeF_DW1El4DUMNx1ZZU1QII39D6JGzRs6KOUOTlFWkBWSoQfOkqNZX4Nfrbn2ElTYd1OEL0GWTldHtzWHak0w47tBGwcv4hS9OoOuXJdxpiq2nfPQ3ZYXN_Q0xDpQlcenqneCYZoUoUUFvLp1qhluR4NPK4zmsPRHjrK7dJ8r8KUARj_tMwflrw', 'expires_at': 1700176456.2463503}.
2023-11-17 01:14:17,257 DEBUG    root            Chosen display Format:none
2023-11-17 01:14:17,257 INFO     root            Display format: "none"
2023-11-17 01:14:17,258 DEBUG    root            SDK update checks are disabled.
2023-11-17 01:14:17,259 INFO     ___FILE_ONLY___ You are logged in as: [memoor2@gmail.com].


2023-11-17 01:14:17,271 DEBUG    urllib3.connectionpool Starting new HTTPS connection (1): cloudresourcemanager.googleapis.com:443
2023-11-17 01:14:19,013 DEBUG    urllib3.connectionpool https://cloudresourcemanager.googleapis.com:443 "GET /v1/projects?alt=json&filter=lifecycleState%3AACTIVE&pageSize=201 HTTP/1.1" 200 None
2023-11-17 01:14:38,719 INFO     ___FILE_ONLY___ Your current project has been set to: [kubernetes-clusters-389307].


2023-11-17 01:14:38,733 DEBUG    root            Loaded Command Group: ['gcloud', 'compute']
2023-11-17 01:14:38,735 DEBUG    root            Loaded Command Group: ['gcloud', 'compute', 'project_info']
2023-11-17 01:14:38,739 DEBUG    root            Loaded Command Group: ['gcloud', 'compute', 'project-info', 'describe']
2023-11-17 01:14:38,740 INFO     root            Executing: [gcloud compute project-info describe --quiet]
2023-11-17 01:14:38,741 DEBUG    root            Running [gcloud.compute.project-info.describe] with arguments: [--no-user-output-enabled: "false", --quiet: "True", --verbosity: "none"]
2023-11-17 01:14:38,857 DEBUG    urllib3.connectionpool Starting new HTTPS connection (1): compute.googleapis.com:443
2023-11-17 01:14:39,499 DEBUG    urllib3.connectionpool https://compute.googleapis.com:443 "GET /compute/v1/projects/kubernetes-clusters-389307?alt=json HTTP/1.1" 403 None
2023-11-17 01:14:39,501 DEBUG    root            Chosen display Format:default
2023-11-17 01:14:39,503 DEBUG    root            Chosen display Format:default
2023-11-17 01:14:39,504 DEBUG    root            Chosen display Format:default
2023-11-17 01:14:39,509 DEBUG    root            Chosen display Format:default
2023-11-17 01:14:39,505 DEBUG    root            (gcloud.compute.project-info.describe) User [memoor2@gmail.com] does not have permission to access projects instance [kubernetes-clusters-389307] (or it may not exist): Compute Engine API has not been used in project kubernetes-clusters-389307 before or it is disabled. Enable it by visiting https://console.developers.google.com/apis/api/compute.googleapis.com/overview?project=kubernetes-clusters-389307 then retry. If you enabled this API recently, wait a few minutes for the action to propagate to our systems and retry.
- '@type': type.googleapis.com/google.rpc.Help
  links:
  - description: Google developers console API activation
    url: https://console.developers.google.com/apis/api/compute.googleapis.com/overview?project=kubernetes-clusters-389307
- '@type': type.googleapis.com/google.rpc.ErrorInfo
  domain: googleapis.com
  metadatas:
    consumer: projects/kubernetes-clusters-389307
    service: compute.googleapis.com
  reason: SERVICE_DISABLED
Traceback (most recent call last):
  File "/usr/lib64/google-cloud-sdk/lib/googlecloudsdk/calliope/cli.py", line 987, in Execute
    resources = calliope_command.Run(cli=self, args=args)
                ^^^^^^^^^^^^^^^^^^^^^^^^^^^^^^^^^^^^^^^^^
  File "/usr/lib64/google-cloud-sdk/lib/googlecloudsdk/calliope/backend.py", line 807, in Run
    resources = command_instance.Run(args)
                ^^^^^^^^^^^^^^^^^^^^^^^^^^
  File "/usr/lib64/google-cloud-sdk/lib/surface/compute/project_info/describe.py", line 37, in Run
    return client.MakeRequests([(client.apitools_client.projects, 'Get',
           ^^^^^^^^^^^^^^^^^^^^^^^^^^^^^^^^^^^^^^^^^^^^^^^^^^^^^^^^^^^^^
  File "/usr/lib64/google-cloud-sdk/lib/googlecloudsdk/api_lib/compute/client_adapter.py", line 128, in MakeRequests
    objects = list(
              ^^^^^
  File "/usr/lib64/google-cloud-sdk/lib/googlecloudsdk/api_lib/compute/request_helper.py", line 321, in MakeRequests
    responses, new_errors = single_request_helper.MakeSingleRequest(
                            ^^^^^^^^^^^^^^^^^^^^^^^^^^^^^^^^^^^^^^^^
  File "/usr/lib64/google-cloud-sdk/lib/googlecloudsdk/api_lib/compute/single_request_helper.py", line 69, in MakeSingleRequest
    response = getattr(service, method)(request=request_body)
               ^^^^^^^^^^^^^^^^^^^^^^^^^^^^^^^^^^^^^^^^^^^^^^
  File "/usr/lib64/google-cloud-sdk/lib/googlecloudsdk/generated_clients/apis/compute/v1/compute_v1_client.py", line 10362, in Get
    return self._RunMethod(
           ^^^^^^^^^^^^^^^^
  File "/usr/lib64/google-cloud-sdk/lib/third_party/apitools/base/py/base_api.py", line 734, in _RunMethod
    http_response = http_wrapper.MakeRequest(
                    ^^^^^^^^^^^^^^^^^^^^^^^^^
  File "/usr/lib64/google-cloud-sdk/lib/third_party/apitools/base/py/http_wrapper.py", line 348, in MakeRequest
    return _MakeRequestNoRetry(
           ^^^^^^^^^^^^^^^^^^^^
  File "/usr/lib64/google-cloud-sdk/lib/third_party/apitools/base/py/http_wrapper.py", line 406, in _MakeRequestNoRetry
    check_response_func(response)
  File "/usr/lib64/google-cloud-sdk/lib/googlecloudsdk/api_lib/util/apis.py", line 226, in _CheckResponseForApiEnablement
    PromptToEnableApi(*enablement_info)
  File "/usr/lib64/google-cloud-sdk/lib/googlecloudsdk/api_lib/util/apis.py", line 193, in PromptToEnableApi
    raise exception
googlecloudsdk.api_lib.util.exceptions.HttpException: User [memoor2@gmail.com] does not have permission to access projects instance [kubernetes-clusters-389307] (or it may not exist): Compute Engine API has not been used in project kubernetes-clusters-389307 before or it is disabled. Enable it by visiting https://console.developers.google.com/apis/api/compute.googleapis.com/overview?project=kubernetes-clusters-389307 then retry. If you enabled this API recently, wait a few minutes for the action to propagate to our systems and retry.
- '@type': type.googleapis.com/google.rpc.Help
  links:
  - description: Google developers console API activation
    url: https://console.developers.google.com/apis/api/compute.googleapis.com/overview?project=kubernetes-clusters-389307
- '@type': type.googleapis.com/google.rpc.ErrorInfo
  domain: googleapis.com
  metadatas:
    consumer: projects/kubernetes-clusters-389307
    service: compute.googleapis.com
  reason: SERVICE_DISABLED
2023-11-17 01:14:39,510 ERROR    root            (gcloud.compute.project-info.describe) User [memoor2@gmail.com] does not have permission to access projects instance [kubernetes-clusters-389307] (or it may not exist): Compute Engine API has not been used in project kubernetes-clusters-389307 before or it is disabled. Enable it by visiting https://console.developers.google.com/apis/api/compute.googleapis.com/overview?project=kubernetes-clusters-389307 then retry. If you enabled this API recently, wait a few minutes for the action to propagate to our systems and retry.
- '@type': type.googleapis.com/google.rpc.Help
  links:
  - description: Google developers console API activation
    url: https://console.developers.google.com/apis/api/compute.googleapis.com/overview?project=kubernetes-clusters-389307
- '@type': type.googleapis.com/google.rpc.ErrorInfo
  domain: googleapis.com
  metadatas:
    consumer: projects/kubernetes-clusters-389307
    service: compute.googleapis.com
  reason: SERVICE_DISABLED
2023-11-17 01:14:39,510 INFO     root            [compute project-info describe --quiet] has failed

2023-11-17 01:14:39,510 INFO     ___FILE_ONLY___ Not setting default zone/region (this feature makes it easier to use
[gcloud compute] by setting an appropriate default value for the
--zone and --region flag).
See https://cloud.google.com/compute/docs/gcloud-compute section on how to set
default compute region and zone manually. If you would like [gcloud init] to be
able to do this for you the next time you run it, make sure the
Compute Engine API is enabled for your project on the
https://console.developers.google.com/apis page.


2023-11-17 01:14:39,511 DEBUG    root            Executing command: ['/usr/lib64/google-cloud-sdk/bin/gsutil', 'config', '-n', '-o', '/home/ikay/.boto']
2023-11-17 01:14:40,305 DEBUG    ___FILE_ONLY___ 
2023-11-17 01:14:40,305 DEBUG    ___FILE_ONLY___ This command will create a boto config file at /home/ikay/.boto
containing your credentials, based on your responses to the following
questions.

Boto config file "/home/ikay/.boto" created. If you need to use a
proxy to access the Internet please see the instructions in that file.

2023-11-17 01:14:40,305 INFO     ___FILE_ONLY___ Created a default .boto configuration file at [/home/ikay/.boto]. See this file and
[https://cloud.google.com/storage/docs/gsutil/commands/config] for more
information about configuring Google Cloud Storage.

2023-11-17 01:14:40,305 INFO     ___FILE_ONLY___ Your Google Cloud SDK is configured and ready to use!


2023-11-17 01:14:40,305 INFO     ___FILE_ONLY___ * Commands that require authentication will use memoor2@gmail.com by default

2023-11-17 01:14:40,305 INFO     ___FILE_ONLY___ * Commands will reference project `kubernetes-clusters-389307` by default

2023-11-17 01:14:40,305 INFO     ___FILE_ONLY___ Run `gcloud help config` to learn how to change individual settings


2023-11-17 01:14:40,306 INFO     ___FILE_ONLY___ This gcloud configuration is called [default]. You can create additional configurations if you work with multiple accounts and/or projects.

2023-11-17 01:14:40,306 INFO     ___FILE_ONLY___ Run `gcloud topic configurations` to learn more.


2023-11-17 01:14:40,306 INFO     ___FILE_ONLY___ Some things to try next:


2023-11-17 01:14:40,306 INFO     ___FILE_ONLY___ * Run `gcloud --help` to see the Cloud Platform services you can interact with. And run `gcloud help COMMAND` to get help on any gcloud command.

2023-11-17 01:14:40,306 INFO     ___FILE_ONLY___ * Run `gcloud topic --help` to learn about advanced features of the SDK like arg files and output formatting

2023-11-17 01:14:40,306 INFO     ___FILE_ONLY___ * Run `gcloud cheat-sheet` to see a roster of go-to `gcloud` commands.

2023-11-17 01:14:40,306 DEBUG    root            Chosen display Format:default
2023-11-17 01:14:40,306 INFO     root            Display format: "default"
2023-11-17 01:14:40,306 DEBUG    root            SDK update checks are disabled.
